2024-01-15T09:00:01 view content_id=CONT-001 channel=CH-blog
2024-01-15T09:00:01 view content_id=CONT-001 channel=CH-blog
2024-01-15T09:15:22 click content_id=CONT-001 link=affiliate
2024-01-15T09:32:45 view content_id=CONT-002 channel=CH-blog
2024-01-15T10:01:00 view content_id=CONT-001 channel=CH-blog
2024-01-16T08:00:00 view content_id=CONT-001 channel=CH-blog
2024-01-16T08:00:00 view content_id=CONT-001 channel=CH-blog
2024-01-16T11:22:33 click content_id=CONT-002 link=newsletter_signup
2024-01-17T09:00:01 view content_id=CONT-002 channel=CH-blog
2024-01-17T09:00:01 view content_id=CONT-002 channel=CH-blog
2024-01-17T14:00:00 view content_id=CONT-003 channel=CH-blog
2024-01-18T08:30:00 view content_id=CONT-003 channel=CH-blog
2024-01-18T08:30:00 view content_id=CONT-003 channel=CH-blog
2024-01-18T12:00:00 error message=timeout content_id=CONT-003
2024-01-19T09:00:01 view content_id=CONT-003 channel=CH-blog
2024-01-19T09:00:01 view content_id=CONT-003 channel=CH-blog
2024-01-19T10:15:00 click content_id=CONT-003 link=affiliate
2024-01-19T10:15:00 click content_id=CONT-003 link=affiliate
2024-01-20T08:00:00 view content_id=CONT-004 channel=CH-blog
2024-01-20T08:00:00 view content_id=CONT-004 channel=CH-blog
2024-01-21T09:00:01 view content_id=CONT-004 channel=CH-blog
2024-01-21T11:00:00 click content_id=CONT-004 link=sponsor
2024-01-22T08:00:00 view content_id=CONT-005 channel=CH-blog
2024-01-22T08:00:00 view content_id=CONT-005 channel=CH-blog
2024-01-22T13:00:00 view content_id=CONT-005 channel=CH-newsletter
2024-01-23T09:00:01 view content_id=CONT-005 channel=CH-blog
2024-01-23T09:00:01 view content_id=CONT-005 channel=CH-blog
2024-01-23T15:00:00 click content_id=CONT-001 link=affiliate
truncated line - missing timestamp
2024-01-24T08:00:00 view content_id=CONT-001 channel=CH-blog
2024-01-24T08:00:00 view content_id=CONT-001 channel=CH-blog
2024-01-25T09:00:01 view content_id=CONT-002 channel=CH-blog
2024-01-25T09:00:01 view content_id=CONT-002 channel=CH-blog
2024-01-26T08:00:00 view content_id=CONT-003 channel=CH-blog
2024-01-26T08:00:00 view content_id=CONT-003 channel=CH-blog
2024-01-27T09:00:00 view content_id=CONT-004 channel=CH-blog
2024-01-28T08:00:00 view content_id=CONT-005 channel=CH-blog
2024-01-28T08:00:00 view content_id=CONT-005 channel=CH-blog
2024-01-29T09:00:01 view content_id=CONT-001 channel=CH-blog
2024-01-30T08:00:00 view content_id=CONT-002 channel=CH-blog
2024-01-31T09:00:00 view content_id=CONT-003 channel=CH-blog
corrupt
2024-02-01T08:00:00 view content_id=CONT-004 channel=CH-blog
2024-02-01T08:00:00 view content_id=CONT-004 channel=CH-blog
2024-02-02T09:00:01 view content_id=CONT-005 channel=CH-blog
